{
  "stats": {
    "suites": 1,
    "tests": 1,
    "passes": 1,
    "pending": 0,
    "failures": 0,
    "start": "2022-05-03T05:37:18.802Z",
    "end": "2022-05-03T05:37:25.721Z",
    "duration": 6919,
    "testsRegistered": 1,
    "passPercent": 100,
    "pendingPercent": 0,
    "other": 0,
    "hasOther": false,
    "skipped": 0,
    "hasSkipped": false
  },
  "results": [
    {
      "uuid": "a0d44ba6-5794-4f1f-ae11-224dba33ee71",
      "title": "",
      "fullFile": "cypress/integration/HarmonyAutomation/TestCases/VerifyDatePicker.js",
      "file": "cypress/integration/HarmonyAutomation/TestCases/VerifyDatePicker.js",
      "beforeHooks": [],
      "afterHooks": [],
      "tests": [],
      "suites": [
        {
          "uuid": "9bdda743-e207-4fdd-a9a3-20dc181a8de1",
          "title": "verify datepicker",
          "fullFile": "",
          "file": "",
          "beforeHooks": [],
          "afterHooks": [],
          "tests": [
            {
              "title": "verify DatePicker",
              "fullTitle": "verify datepicker verify DatePicker",
              "timedOut": null,
              "duration": 4939,
              "state": "passed",
              "speed": "fast",
              "pass": true,
              "fail": false,
              "pending": false,
              "context": null,
              "code": "datePage.verifydate();\ndatePage.getCalander();\ndatePage.getYear(\"2024\");\ndatePage.getmonth(\"Jun\");\ndatePage.getDate(\"15\");",
              "err": {},
              "uuid": "c70b8e47-e2c2-422b-a46d-07f0708dc61f",
              "parentUUID": "9bdda743-e207-4fdd-a9a3-20dc181a8de1",
              "isHook": false,
              "skipped": false
            }
          ],
          "suites": [],
          "passes": [
            "c70b8e47-e2c2-422b-a46d-07f0708dc61f"
          ],
          "failures": [],
          "pending": [],
          "skipped": [],
          "duration": 4939,
          "root": false,
          "rootEmpty": false,
          "_timeout": 2000
        }
      ],
      "passes": [],
      "failures": [],
      "pending": [],
      "skipped": [],
      "duration": 0,
      "root": true,
      "rootEmpty": true,
      "_timeout": 2000
    }
  ],
  "meta": {
    "mocha": {
      "version": "7.0.1"
    },
    "mochawesome": {
      "options": {
        "quiet": false,
        "reportFilename": "report",
        "saveHtml": true,
        "saveJson": true,
        "consoleReporter": "spec",
        "useInlineDiffs": false,
        "code": true
      },
      "version": "7.1.3"
    },
    "marge": {
      "options": {
        "reportDir": "cypress/reports",
        "reportFilename": "report",
        "overwrite": false,
        "html": true,
        "json": true,
        "charts": true
      },
      "version": "6.2.0"
    }
  }
}